INFO main silg_logger - threshold :5 - flg_get_size :false.
INFO main silg_logger - Processing records from :
INFO main silg_logger - data/input//20_Ilines.txt
INFO main silg_logger - Writing org entity pairs to :data/output//orgs_entities.lst
INFO main silg_logger - Running : SELECT ORGANIZATION_ID,CONTACT_ID FROM (SELECT ORGANIZATION_ID,CONTACT_ID,rownum as rn FROM SALES.CONTACT WHERE ORGANIZATION_ID ='00D30000000XsfG') tmp  WHERE rn > 227190 AND rn <= 227198
INFO main silg_logger - Running : SELECT ORGANIZATION_ID,ACCOUNT_ID FROM (SELECT ORGANIZATION_ID,ACCOUNT_ID,rownum as rn FROM SALES.ACCOUNT WHERE ORGANIZATION_ID ='00D30000000nuNr') tmp  WHERE rn > 40847 AND rn <= 41047
INFO main silg_logger - Running : SELECT ORGANIZATION_ID,ACTIVITY_ID FROM (SELECT ORGANIZATION_ID,ACTIVITY_ID,rownum as rn FROM CORE.ACTIVITY WHERE ORGANIZATION_ID ='00D300000000XEA') tmp  WHERE rn > 3545616 AND rn <= 3548690
INFO main silg_logger - threshold :5 - flg_get_size :false.
INFO main silg_logger - Processing records from :
INFO main silg_logger - data/input//Add.all_Ilines.log
INFO main silg_logger - Writing org entity pairs to :data/output//orgs_entities.lst
INFO main silg_logger - Running : SELECT ORGANIZATION_ID,ACCOUNT_ID FROM (SELECT ORGANIZATION_ID,ACCOUNT_ID,rownum as rn FROM SALES.ACCOUNT WHERE ORGANIZATION_ID ='00D30000000JizR') tmp  WHERE rn > 105 AND rn <= 143
INFO main silg_logger - Running : SELECT ORGANIZATION_ID,ACCOUNT_ID FROM (SELECT ORGANIZATION_ID,ACCOUNT_ID,rownum as rn FROM SALES.ACCOUNT WHERE ORGANIZATION_ID ='00D30000000A05L') tmp  WHERE rn > 14928 AND rn <= 14947
INFO main silg_logger - Running : SELECT ORGANIZATION_ID,CONTACT_ID FROM (SELECT ORGANIZATION_ID,CONTACT_ID,rownum as rn FROM SALES.CONTACT WHERE ORGANIZATION_ID ='00D30000000oBKy') tmp  WHERE rn > 112075 AND rn <= 112209
INFO main silg_logger - Running : SELECT ORGANIZATION_ID,CONTACT_ID FROM (SELECT ORGANIZATION_ID,CONTACT_ID,rownum as rn FROM SALES.CONTACT WHERE ORGANIZATION_ID ='00D30000000A05L') tmp  WHERE rn > 4743331 AND rn <= 4743356
INFO main silg_logger - Running : SELECT ORGANIZATION_ID,ACTIVITY_ID FROM (SELECT ORGANIZATION_ID,ACTIVITY_ID,rownum as rn FROM CORE.ACTIVITY WHERE ORGANIZATION_ID ='00D30000000A05L') tmp  WHERE rn > 508521 AND rn <= 508556
INFO main silg_logger - Running : SELECT ORGANIZATION_ID,ACCOUNT_ID FROM (SELECT ORGANIZATION_ID,ACCOUNT_ID,rownum as rn FROM SALES.ACCOUNT WHERE ORGANIZATION_ID ='00D30000000XsfG') tmp  WHERE rn > 371327 AND rn <= 371424
INFO main silg_logger - Running : SELECT ORGANIZATION_ID,ACCOUNT_ID FROM (SELECT ORGANIZATION_ID,ACCOUNT_ID,rownum as rn FROM SALES.ACCOUNT WHERE ORGANIZATION_ID ='00D300000006mMq') tmp  WHERE rn > 481825 AND rn <= 481840
INFO main silg_logger - Running : SELECT ORGANIZATION_ID,ACTIVITY_ID FROM (SELECT ORGANIZATION_ID,ACTIVITY_ID,rownum as rn FROM CORE.ACTIVITY WHERE ORGANIZATION_ID ='00D30000000p6Fz') tmp  WHERE rn > 2682 AND rn <= 2711
INFO main silg_logger - Running : SELECT ORGANIZATION_ID,ACTIVITY_ID FROM (SELECT ORGANIZATION_ID,ACTIVITY_ID,rownum as rn FROM CORE.ACTIVITY WHERE ORGANIZATION_ID ='00D30000000kKJg') tmp  WHERE rn > 1410773 AND rn <= 1410783
INFO main silg_logger - Running : SELECT ORGANIZATION_ID,CONTACT_ID FROM (SELECT ORGANIZATION_ID,CONTACT_ID,rownum as rn FROM SALES.CONTACT WHERE ORGANIZATION_ID ='00D300000006mMq') tmp  WHERE rn > 1161895 AND rn <= 1161910
INFO main silg_logger - Running : SELECT ORGANIZATION_ID,ACCOUNT_ID FROM (SELECT ORGANIZATION_ID,ACCOUNT_ID,rownum as rn FROM SALES.ACCOUNT WHERE ORGANIZATION_ID ='00D30000000XsfG') tmp  WHERE rn > 367349 AND rn <= 367452
INFO main silg_logger - Running : SELECT ORGANIZATION_ID,ACTIVITY_ID FROM (SELECT ORGANIZATION_ID,ACTIVITY_ID,rownum as rn FROM CORE.ACTIVITY WHERE ORGANIZATION_ID ='00D30000000pqJH') tmp  WHERE rn > 1239129 AND rn <= 1239139
INFO main silg_logger - Running : SELECT ORGANIZATION_ID,CONTACT_ID FROM (SELECT ORGANIZATION_ID,CONTACT_ID,rownum as rn FROM SALES.CONTACT WHERE ORGANIZATION_ID ='00D300000001QkB') tmp  WHERE rn > 22079 AND rn <= 25131
INFO main silg_logger - Running : SELECT ORGANIZATION_ID,ACCOUNT_ID FROM (SELECT ORGANIZATION_ID,ACCOUNT_ID,rownum as rn FROM SALES.ACCOUNT WHERE ORGANIZATION_ID ='00D30000000jcip') tmp  WHERE rn > 9607 AND rn <= 9763
INFO main silg_logger - Running : SELECT ORGANIZATION_ID,ACCOUNT_ID FROM (SELECT ORGANIZATION_ID,ACCOUNT_ID,rownum as rn FROM SALES.ACCOUNT WHERE ORGANIZATION_ID ='00D30000000iVLD') tmp  WHERE rn > 31928 AND rn <= 31935
INFO main silg_logger - Running : SELECT ORGANIZATION_ID,ACCOUNT_ID FROM (SELECT ORGANIZATION_ID,ACCOUNT_ID,rownum as rn FROM SALES.ACCOUNT WHERE ORGANIZATION_ID ='00D30000000nuNr') tmp  WHERE rn > 8943 AND rn <= 9943
INFO main silg_logger - Running : SELECT ORGANIZATION_ID,ACTIVITY_ID FROM (SELECT ORGANIZATION_ID,ACTIVITY_ID,rownum as rn FROM CORE.ACTIVITY WHERE ORGANIZATION_ID ='00D30000000jMqo') tmp  WHERE rn > 656215 AND rn <= 656222
INFO main silg_logger - Running : SELECT ORGANIZATION_ID,CONTACT_ID FROM (SELECT ORGANIZATION_ID,CONTACT_ID,rownum as rn FROM SALES.CONTACT WHERE ORGANIZATION_ID ='00D300000000LiQ') tmp  WHERE rn > 659436 AND rn <= 659451
INFO main silg_logger - Running : SELECT ORGANIZATION_ID,ACTIVITY_ID FROM (SELECT ORGANIZATION_ID,ACTIVITY_ID,rownum as rn FROM CORE.ACTIVITY WHERE ORGANIZATION_ID ='00D30000000jTpv') tmp  WHERE rn > 202096 AND rn <= 202138
INFO main silg_logger - Running : SELECT ORGANIZATION_ID,ACCOUNT_ID FROM (SELECT ORGANIZATION_ID,ACCOUNT_ID,rownum as rn FROM SALES.ACCOUNT WHERE ORGANIZATION_ID ='00D30000000YuRK') tmp  WHERE rn > 10876 AND rn <= 11276
INFO main silg_logger - Running : SELECT ORGANIZATION_ID,CONTACT_ID FROM (SELECT ORGANIZATION_ID,CONTACT_ID,rownum as rn FROM SALES.CONTACT WHERE ORGANIZATION_ID ='00D30000000oBKy') tmp  WHERE rn > 139098 AND rn <= 139162
INFO main silg_logger - Running : SELECT ORGANIZATION_ID,ACTIVITY_ID FROM (SELECT ORGANIZATION_ID,ACTIVITY_ID,rownum as rn FROM CORE.ACTIVITY WHERE ORGANIZATION_ID ='00D30000000A05L') tmp  WHERE rn > 12452242 AND rn <= 12452250
INFO main silg_logger - Running : SELECT ORGANIZATION_ID,ACCOUNT_ID FROM (SELECT ORGANIZATION_ID,ACCOUNT_ID,rownum as rn FROM SALES.ACCOUNT WHERE ORGANIZATION_ID ='00D30000000YTNq') tmp  WHERE rn > 17856 AND rn <= 17980
INFO main silg_logger - Running : SELECT ORGANIZATION_ID,ACCOUNT_ID FROM (SELECT ORGANIZATION_ID,ACCOUNT_ID,rownum as rn FROM SALES.ACCOUNT WHERE ORGANIZATION_ID ='00D30000000XsfG') tmp  WHERE rn > 119015 AND rn <= 119115
INFO main silg_logger - Running : SELECT ORGANIZATION_ID,ACCOUNT_ID FROM (SELECT ORGANIZATION_ID,ACCOUNT_ID,rownum as rn FROM SALES.ACCOUNT WHERE ORGANIZATION_ID ='00D30000000nuNr') tmp  WHERE rn > 46681 AND rn <= 47081
INFO main silg_logger - Running : SELECT ORGANIZATION_ID,ACCOUNT_ID FROM (SELECT ORGANIZATION_ID,ACCOUNT_ID,rownum as rn FROM SALES.ACCOUNT WHERE ORGANIZATION_ID ='00D30000000msjH') tmp  WHERE rn > 41234 AND rn <= 41272
